Arguments: 
  /usr/local/bin/node /usr/local/bin/yarn add we-script canvas-for-weixin

PATH: 
  /usr/local/bin:/usr/bin:/bin:/usr/sbin:/sbin:/usr/local/go/bin:/Users/linzhanming/flutter/bin:/usr/local/go/bin

Yarn version: 
  1.22.5

Node version: 
  14.11.0

Platform: 
  darwin x64

Trace: 
  Error: https://registry.yarnpkg.com/canvas-for-weixin: Not found
      at Request.params.callback [as _callback] (/usr/local/lib/node_modules/yarn/lib/cli.js:66988:18)
      at Request.self.callback (/usr/local/lib/node_modules/yarn/lib/cli.js:140662:22)
      at Request.emit (events.js:314:20)
      at Request.<anonymous> (/usr/local/lib/node_modules/yarn/lib/cli.js:141634:10)
      at Request.emit (events.js:314:20)
      at IncomingMessage.<anonymous> (/usr/local/lib/node_modules/yarn/lib/cli.js:141556:12)
      at Object.onceWrapper (events.js:420:28)
      at IncomingMessage.emit (events.js:326:22)
      at endReadableNT (_stream_readable.js:1252:12)
      at processTicksAndRejections (internal/process/task_queues.js:80:21)

npm manifest: 
  {
    "name": "miniprogram-ts-less-quickstart",
    "version": "1.0.0",
    "description": "",
    "scripts": {
    },
    "keywords": [],
    "author": "",
    "license": "",
    "dependencies": {
    },
    "devDependencies": {
      "miniprogram-api-typings": "^2.8.3-1"
    }
  }

yarn manifest: 
  No manifest

Lockfile: 
  No lockfile
